TN:
SF:controllers\authController.js
FN:7,(anonymous_0)
FN:66,(anonymous_1)
FN:120,(anonymous_2)
FN:158,(anonymous_3)
FN:168,(anonymous_4)
FN:203,(anonymous_5)
FN:220,(anonymous_6)
FN:239,(anonymous_7)
FNF:8
FNH:5
FNDA:7,(anonymous_0)
FNDA:3,(anonymous_1)
FNDA:0,(anonymous_2)
FNDA:0,(anonymous_3)
FNDA:3,(anonymous_4)
FNDA:0,(anonymous_5)
FNDA:1,(anonymous_6)
FNDA:1,(anonymous_7)
DA:7,1
DA:8,7
DA:9,7
DA:11,7
DA:12,0
DA:14,7
DA:15,1
DA:17,6
DA:18,0
DA:20,6
DA:21,0
DA:23,6
DA:24,0
DA:26,6
DA:27,0
DA:30,6
DA:32,5
DA:33,1
DA:39,4
DA:41,4
DA:50,3
DA:56,2
DA:57,2
DA:66,1
DA:67,3
DA:68,3
DA:70,3
DA:71,1
DA:77,2
DA:78,2
DA:79,1
DA:84,1
DA:85,1
DA:86,0
DA:92,1
DA:95,1
DA:109,0
DA:110,0
DA:120,1
DA:121,0
DA:122,0
DA:123,0
DA:124,0
DA:126,0
DA:127,0
DA:129,0
DA:130,0
DA:133,0
DA:135,0
DA:136,0
DA:141,0
DA:142,0
DA:143,0
DA:148,0
DA:149,0
DA:158,1
DA:159,0
DA:160,0
DA:162,0
DA:163,0
DA:168,1
DA:169,3
DA:170,3
DA:171,3
DA:173,2
DA:174,0
DA:176,2
DA:177,2
DA:187,2
DA:193,1
DA:194,1
DA:203,1
DA:204,0
DA:205,0
DA:209,0
DA:211,0
DA:212,0
DA:220,1
DA:221,1
DA:222,1
DA:227,1
DA:229,0
DA:230,0
DA:239,1
DA:240,1
DA:241,1
DA:242,1
DA:243,1
DA:248,1
DA:250,0
DA:251,0
LF:91
LH:53
BRDA:11,0,0,0
BRDA:11,0,1,7
BRDA:14,1,0,1
BRDA:14,1,1,6
BRDA:17,2,0,0
BRDA:17,2,1,6
BRDA:20,3,0,0
BRDA:20,3,1,6
BRDA:23,4,0,0
BRDA:23,4,1,6
BRDA:26,5,0,0
BRDA:26,5,1,6
BRDA:32,6,0,1
BRDA:32,6,1,4
BRDA:70,7,0,1
BRDA:70,7,1,2
BRDA:70,8,0,3
BRDA:70,8,1,3
BRDA:78,9,0,1
BRDA:78,9,1,1
BRDA:85,10,0,0
BRDA:85,10,1,1
BRDA:123,11,0,0
BRDA:123,11,1,0
BRDA:126,12,0,0
BRDA:126,12,1,0
BRDA:129,13,0,0
BRDA:129,13,1,0
BRDA:135,14,0,0
BRDA:135,14,1,0
BRDA:173,15,0,0
BRDA:173,15,1,2
BRDA:173,16,0,2
BRDA:173,16,1,1
BRDA:176,17,0,1
BRDA:176,17,1,1
BRDA:180,18,0,2
BRDA:180,18,1,1
BRDA:181,19,0,2
BRDA:181,19,1,1
BRDA:182,20,0,2
BRDA:182,20,1,2
BRDA:183,21,0,2
BRDA:183,21,1,2
BRF:44
BRH:29
end_of_record
TN:
SF:controllers\categoryController.js
FN:3,(anonymous_0)
FN:36,(anonymous_1)
FN:61,(anonymous_2)
FN:80,(anonymous_3)
FN:99,(anonymous_4)
FNF:5
FNH:1
FNDA:0,(anonymous_0)
FNDA:0,(anonymous_1)
FNDA:1,(anonymous_2)
FNDA:0,(anonymous_3)
FNDA:0,(anonymous_4)
DA:3,1
DA:4,0
DA:5,0
DA:6,0
DA:7,0
DA:9,0
DA:10,0
DA:11,0
DA:16,0
DA:20,0
DA:26,0
DA:27,0
DA:36,1
DA:37,0
DA:38,0
DA:39,0
DA:40,0
DA:45,0
DA:51,0
DA:52,0
DA:61,1
DA:62,1
DA:63,1
DA:64,1
DA:70,0
DA:71,0
DA:80,1
DA:81,0
DA:82,0
DA:83,0
DA:89,0
DA:90,0
DA:99,1
DA:100,0
DA:101,0
DA:102,0
DA:103,0
DA:108,0
DA:109,0
LF:39
LH:8
BRDA:6,0,0,0
BRDA:6,0,1,0
BRDA:10,1,0,0
BRDA:10,1,1,0
BRF:4
BRH:0
end_of_record
TN:
SF:controllers\productController.js
FN:20,(anonymous_0)
FN:65,(anonymous_1)
FN:89,(anonymous_2)
FN:111,(anonymous_3)
FN:129,(anonymous_4)
FN:147,(anonymous_5)
FN:196,(anonymous_6)
FN:218,(anonymous_7)
FN:236,(anonymous_8)
FN:261,(anonymous_9)
FN:284,(anonymous_10)
FN:310,(anonymous_11)
FNF:12
FNH:4
FNDA:0,(anonymous_0)
FNDA:0,(anonymous_1)
FNDA:0,(anonymous_2)
FNDA:0,(anonymous_3)
FNDA:0,(anonymous_4)
FNDA:0,(anonymous_5)
FNDA:1,(anonymous_6)
FNDA:0,(anonymous_7)
FNDA:1,(anonymous_8)
FNDA:1,(anonymous_9)
FNDA:1,(anonymous_10)
FNDA:0,(anonymous_11)
DA:10,1
DA:20,1
DA:21,0
DA:23,0
DA:24,0
DA:26,0
DA:28,0
DA:30,0
DA:32,0
DA:34,0
DA:36,0
DA:38,0
DA:43,0
DA:44,0
DA:45,0
DA:46,0
DA:48,0
DA:49,0
DA:55,0
DA:56,0
DA:65,1
DA:66,0
DA:67,0
DA:73,0
DA:80,0
DA:81,0
DA:89,1
DA:90,0
DA:91,0
DA:95,0
DA:101,0
DA:102,0
DA:111,1
DA:112,0
DA:113,0
DA:114,0
DA:115,0
DA:116,0
DA:119,0
DA:120,0
DA:129,1
DA:130,0
DA:131,0
DA:132,0
DA:137,0
DA:138,0
DA:147,1
DA:148,0
DA:150,0
DA:151,0
DA:153,0
DA:155,0
DA:157,0
DA:159,0
DA:161,0
DA:163,0
DA:165,0
DA:170,0
DA:175,0
DA:176,0
DA:177,0
DA:179,0
DA:180,0
DA:186,0
DA:187,0
DA:196,1
DA:197,1
DA:198,1
DA:199,1
DA:200,1
DA:201,1
DA:202,1
DA:203,1
DA:208,0
DA:209,0
DA:218,1
DA:219,0
DA:220,0
DA:221,0
DA:226,0
DA:227,0
DA:236,1
DA:237,1
DA:238,1
DA:239,1
DA:240,1
DA:246,1
DA:251,0
DA:252,0
DA:261,1
DA:262,1
DA:263,1
DA:264,1
DA:272,1
DA:274,0
DA:275,0
DA:284,1
DA:285,1
DA:286,1
DA:287,1
DA:295,1
DA:300,0
DA:301,0
DA:310,1
DA:311,0
DA:312,0
DA:313,0
DA:314,0
DA:320,0
DA:321,0
LF:110
LH:33
BRDA:26,0,0,0
BRDA:26,0,1,0
BRDA:26,0,2,0
BRDA:26,0,3,0
BRDA:26,0,4,0
BRDA:26,0,5,0
BRDA:37,1,0,0
BRDA:37,1,1,0
BRDA:44,2,0,0
BRDA:44,2,1,0
BRDA:114,3,0,0
BRDA:114,3,1,0
BRDA:153,4,0,0
BRDA:153,4,1,0
BRDA:153,4,2,0
BRDA:153,4,3,0
BRDA:153,4,4,0
BRDA:153,4,5,0
BRDA:164,5,0,0
BRDA:164,5,1,0
BRDA:175,6,0,0
BRDA:175,6,1,0
BRDA:200,7,0,1
BRDA:200,7,1,0
BRDA:201,8,0,1
BRDA:201,8,1,0
BRDA:239,9,0,1
BRDA:239,9,1,0
BRF:28
BRH:3
end_of_record
